<?xml version="1.0" encoding="UTF-8"?>
<!-- Generated by org.testng.reporters.JUnitXMLReporter -->
<testsuite ignored="2" hostname="niaz-Latitude-E5450" failures="0" tests="5" name="Login and Dashboard Tests" time="33.459" errors="0" timestamp="2025-09-04T00:46:19 BDT">
  <testcase classname="testPackage.LoginTest" name="clickLoginBtn" time="5.605"/>
  <testcase classname="testPackage.LoginTest" name="login" time="10.828"/>
  <testcase classname="testPackage.LekhokOptionTest" name="selectlekhok" time="1.653"/>
  <testcase classname="testPackage.LekhokOptionTest" name="clickNext" time="4.744"/>
  <testcase classname="testPackage.LekhokOptionTest" name="clickAuthor" time="1.348"/>
  <testcase classname="driverPackage.BaseDriver" name="@BeforeSuite setupDriver" time="0.0">
    <ignored/>
  </testcase> <!-- @BeforeSuite setupDriver -->
  <testcase classname="driverPackage.BaseDriver" name="@AfterSuite tearDown" time="0.0">
    <ignored/>
  </testcase> <!-- @AfterSuite tearDown -->
</testsuite> <!-- Login and Dashboard Tests -->
