<?xml version="1.0" encoding="UTF-8"?>
<testng-results ignored="0" total="2" passed="2" failed="0" skipped="0">
  <reporter-output>
  </reporter-output>
  <suite started-at="2025-09-03T04:30:04 BDT" name="Default suite" finished-at="2025-09-03T04:30:18 BDT" duration-ms="13791">
    <groups>
    </groups>
    <test started-at="2025-09-03T04:30:04 BDT" name="Default test" finished-at="2025-09-03T04:30:18 BDT" duration-ms="13791">
      <class name="testPackage.LoginTest">
        <test-method is-config="true" signature="setupDriver()[pri:0, instance:testPackage.LoginTest@59662a0b]" started-at="2025-09-03T04:29:54 BDT" name="setupDriver" finished-at="2025-09-03T04:30:04 BDT" duration-ms="10707" status="PASS">
          <reporter-output>
          </reporter-output>
        </test-method> <!-- setupDriver -->
        <test-method is-config="true" signature="openUrl()[pri:0, instance:testPackage.LoginTest@59662a0b]" started-at="2025-09-03T04:30:04 BDT" name="openUrl" finished-at="2025-09-03T04:30:09 BDT" duration-ms="4969" status="PASS">
          <reporter-output>
          </reporter-output>
        </test-method> <!-- openUrl -->
        <test-method signature="clickLoginBtn()[pri:1, instance:testPackage.LoginTest@59662a0b]" started-at="2025-09-03T04:30:09 BDT" name="clickLoginBtn" finished-at="2025-09-03T04:30:16 BDT" duration-ms="6334" status="PASS">
          <reporter-output>
          </reporter-output>
        </test-method> <!-- clickLoginBtn -->
        <test-method signature="login(java.lang.String,java.lang.String)[pri:2, instance:testPackage.LoginTest@59662a0b]" started-at="2025-09-03T04:30:16 BDT" name="login" data-provider="loginData" finished-at="2025-09-03T04:30:18 BDT" duration-ms="1781" status="PASS">
          <params>
            <param index="0">
              <value>
                <![CDATA[niaz.ju.cse@gmail.com]]>
              </value>
            </param>
            <param index="1">
              <value>
                <![CDATA[1234567890]]>
              </value>
            </param>
          </params>
          <reporter-output>
          </reporter-output>
        </test-method> <!-- login -->
        <test-method is-config="true" signature="afterClass()[pri:0, instance:testPackage.LoginTest@59662a0b]" started-at="2025-09-03T04:30:18 BDT" name="afterClass" finished-at="2025-09-03T04:30:18 BDT" duration-ms="608" status="PASS">
          <reporter-output>
          </reporter-output>
        </test-method> <!-- afterClass -->
        <test-method is-config="true" signature="tearDown()[pri:0, instance:testPackage.LoginTest@59662a0b]" started-at="2025-09-03T04:30:18 BDT" name="tearDown" finished-at="2025-09-03T04:30:19 BDT" duration-ms="257" status="PASS">
          <reporter-output>
          </reporter-output>
        </test-method> <!-- tearDown -->
      </class> <!-- testPackage.LoginTest -->
    </test> <!-- Default test -->
  </suite> <!-- Default suite -->
</testng-results>
